{"C:\\Users\\cmp\\git\\devlevel\\src\\index.js": {"path":"C:\\Users\\cmp\\git\\devlevel\\src\\index.js","statementMap":{"0":{"start":{"line":1,"column":14},"end":{"line":1,"column":39}},"1":{"start":{"line":2,"column":19},"end":{"line":6,"column":1}},"2":{"start":{"line":4,"column":2},"end":{"line":4,"column":73}},"3":{"start":{"line":8,"column":18},"end":{"line":8,"column":45}},"4":{"start":{"line":9,"column":19},"end":{"line":9,"column":48}},"5":{"start":{"line":10,"column":17},"end":{"line":10,"column":46}},"6":{"start":{"line":11,"column":19},"end":{"line":11,"column":51}},"7":{"start":{"line":12,"column":20},"end":{"line":12,"column":33}},"8":{"start":{"line":13,"column":20},"end":{"line":13,"column":104}},"9":{"start":{"line":15,"column":0},"end":{"line":15,"column":29}},"10":{"start":{"line":16,"column":0},"end":{"line":16,"column":27}},"11":{"start":{"line":17,"column":0},"end":{"line":17,"column":27}},"12":{"start":{"line":18,"column":0},"end":{"line":18,"column":29}},"13":{"start":{"line":19,"column":0},"end":{"line":19,"column":26}},"14":{"start":{"line":20,"column":0},"end":{"line":20,"column":28}},"15":{"start":{"line":21,"column":0},"end":{"line":22,"column":86}},"16":{"start":{"line":22,"column":1},"end":{"line":22,"column":86}},"17":{"start":{"line":22,"column":53},"end":{"line":22,"column":68}},"18":{"start":{"line":23,"column":0},"end":{"line":23,"column":34}},"19":{"start":{"line":24,"column":0},"end":{"line":24,"column":36}},"20":{"start":{"line":25,"column":0},"end":{"line":25,"column":32}},"21":{"start":{"line":26,"column":0},"end":{"line":26,"column":36}},"22":{"start":{"line":27,"column":0},"end":{"line":27,"column":38}},"23":{"start":{"line":28,"column":0},"end":{"line":28,"column":37}},"24":{"start":{"line":29,"column":0},"end":{"line":29,"column":28}},"25":{"start":{"line":30,"column":0},"end":{"line":30,"column":28}},"26":{"start":{"line":31,"column":0},"end":{"line":31,"column":27}},"27":{"start":{"line":32,"column":0},"end":{"line":32,"column":27}},"28":{"start":{"line":33,"column":0},"end":{"line":33,"column":26}},"29":{"start":{"line":34,"column":0},"end":{"line":34,"column":79}},"30":{"start":{"line":35,"column":0},"end":{"line":35,"column":42}},"31":{"start":{"line":36,"column":0},"end":{"line":36,"column":27}},"32":{"start":{"line":37,"column":0},"end":{"line":37,"column":40}},"33":{"start":{"line":38,"column":0},"end":{"line":38,"column":38}},"34":{"start":{"line":39,"column":0},"end":{"line":39,"column":27}},"35":{"start":{"line":40,"column":0},"end":{"line":40,"column":42}},"36":{"start":{"line":41,"column":0},"end":{"line":41,"column":95}},"37":{"start":{"line":41,"column":18},"end":{"line":41,"column":88}},"38":{"start":{"line":44,"column":10},"end":{"line":44,"column":45}},"39":{"start":{"line":45,"column":1},"end":{"line":45,"column":19}},"40":{"start":{"line":46,"column":1},"end":{"line":50,"column":2}},"41":{"start":{"line":47,"column":2},"end":{"line":47,"column":64}},"42":{"start":{"line":47,"column":48},"end":{"line":47,"column":63}},"43":{"start":{"line":48,"column":2},"end":{"line":48,"column":43}},"44":{"start":{"line":49,"column":2},"end":{"line":49,"column":20}},"45":{"start":{"line":54,"column":1},"end":{"line":54,"column":54}},"46":{"start":{"line":54,"column":45},"end":{"line":54,"column":53}},"47":{"start":{"line":58,"column":1},"end":{"line":58,"column":88}},"48":{"start":{"line":58,"column":70},"end":{"line":58,"column":87}},"49":{"start":{"line":62,"column":1},"end":{"line":62,"column":32}},"50":{"start":{"line":66,"column":1},"end":{"line":66,"column":47}},"51":{"start":{"line":66,"column":32},"end":{"line":66,"column":47}},"52":{"start":{"line":67,"column":13},"end":{"line":67,"column":25}},"53":{"start":{"line":68,"column":1},"end":{"line":73,"column":2}},"54":{"start":{"line":69,"column":10},"end":{"line":69,"column":13}},"55":{"start":{"line":70,"column":9},"end":{"line":70,"column":23}},"56":{"start":{"line":71,"column":2},"end":{"line":71,"column":44}},"57":{"start":{"line":71,"column":14},"end":{"line":71,"column":44}},"58":{"start":{"line":72,"column":2},"end":{"line":72,"column":13}},"59":{"start":{"line":74,"column":1},"end":{"line":79,"column":62}},"60":{"start":{"line":84,"column":1},"end":{"line":85,"column":19}},"61":{"start":{"line":85,"column":2},"end":{"line":85,"column":19}},"62":{"start":{"line":86,"column":12},"end":{"line":86,"column":85}},"63":{"start":{"line":87,"column":1},"end":{"line":87,"column":19}},"64":{"start":{"line":88,"column":1},"end":{"line":88,"column":10}},"65":{"start":{"line":92,"column":16},"end":{"line":92,"column":41}},"66":{"start":{"line":93,"column":1},"end":{"line":96,"column":35}},"67":{"start":{"line":100,"column":1},"end":{"line":101,"column":52}},"68":{"start":{"line":101,"column":2},"end":{"line":101,"column":52}},"69":{"start":{"line":105,"column":1},"end":{"line":113,"column":2}},"70":{"start":{"line":107,"column":3},"end":{"line":107,"column":9}},"71":{"start":{"line":109,"column":3},"end":{"line":109,"column":14}},"72":{"start":{"line":110,"column":3},"end":{"line":110,"column":9}},"73":{"start":{"line":112,"column":3},"end":{"line":112,"column":20}},"74":{"start":{"line":116,"column":1},"end":{"line":117,"column":17}},"75":{"start":{"line":117,"column":2},"end":{"line":117,"column":17}},"76":{"start":{"line":118,"column":1},"end":{"line":118,"column":40}},"77":{"start":{"line":118,"column":29},"end":{"line":118,"column":40}},"78":{"start":{"line":119,"column":1},"end":{"line":119,"column":23}},"79":{"start":{"line":123,"column":1},"end":{"line":123,"column":33}},"80":{"start":{"line":123,"column":17},"end":{"line":123,"column":33}},"81":{"start":{"line":125,"column":0},"end":{"line":125,"column":51}},"82":{"start":{"line":125,"column":29},"end":{"line":125,"column":47}},"83":{"start":{"line":126,"column":0},"end":{"line":126,"column":18}},"84":{"start":{"line":129,"column":19},"end":{"line":129,"column":20}},"85":{"start":{"line":130,"column":13},"end":{"line":130,"column":15}},"86":{"start":{"line":131,"column":15},"end":{"line":131,"column":17}},"87":{"start":{"line":133,"column":21},"end":{"line":133,"column":42}},"88":{"start":{"line":134,"column":20},"end":{"line":134,"column":40}},"89":{"start":{"line":135,"column":20},"end":{"line":135,"column":40}},"90":{"start":{"line":136,"column":21},"end":{"line":136,"column":42}},"91":{"start":{"line":138,"column":0},"end":{"line":140,"column":1}},"92":{"start":{"line":138,"column":14},"end":{"line":140,"column":1}},"93":{"start":{"line":143,"column":1},"end":{"line":143,"column":48}},"94":{"start":{"line":143,"column":21},"end":{"line":143,"column":48}},"95":{"start":{"line":146,"column":2},"end":{"line":146,"column":66}},"96":{"start":{"line":150,"column":2},"end":{"line":150,"column":18}},"97":{"start":{"line":152,"column":1},"end":{"line":152,"column":18}},"98":{"start":{"line":153,"column":1},"end":{"line":153,"column":41}},"99":{"start":{"line":154,"column":1},"end":{"line":154,"column":17}},"100":{"start":{"line":155,"column":1},"end":{"line":155,"column":20}},"101":{"start":{"line":156,"column":1},"end":{"line":156,"column":20}},"102":{"start":{"line":160,"column":14},"end":{"line":160,"column":27}},"103":{"start":{"line":161,"column":1},"end":{"line":167,"column":10}},"104":{"start":{"line":164,"column":3},"end":{"line":164,"column":51}},"105":{"start":{"line":174,"column":5},"end":{"line":174,"column":8}},"106":{"start":{"line":175,"column":1},"end":{"line":177,"column":2}},"107":{"start":{"line":176,"column":2},"end":{"line":176,"column":62}},"108":{"start":{"line":178,"column":1},"end":{"line":178,"column":11}},"109":{"start":{"line":182,"column":13},"end":{"line":182,"column":26}},"110":{"start":{"line":183,"column":1},"end":{"line":191,"column":2}},"111":{"start":{"line":184,"column":16},"end":{"line":184,"column":25}},"112":{"start":{"line":185,"column":14},"end":{"line":185,"column":43}},"113":{"start":{"line":186,"column":14},"end":{"line":186,"column":43}},"114":{"start":{"line":187,"column":2},"end":{"line":189,"column":3}},"115":{"start":{"line":188,"column":3},"end":{"line":188,"column":19}},"116":{"start":{"line":190,"column":2},"end":{"line":190,"column":22}},"117":{"start":{"line":195,"column":11},"end":{"line":195,"column":22}},"118":{"start":{"line":196,"column":13},"end":{"line":196,"column":36}},"119":{"start":{"line":197,"column":1},"end":{"line":198,"column":31}},"120":{"start":{"line":198,"column":2},"end":{"line":198,"column":31}},"121":{"start":{"line":199,"column":1},"end":{"line":199,"column":11}}},"fnMap":{"0":{"name":"(anonymous_0)","decl":{"start":{"line":22,"column":48},"end":{"line":22,"column":49}},"loc":{"start":{"line":22,"column":53},"end":{"line":22,"column":68}},"line":22},"1":{"name":"(anonymous_1)","decl":{"start":{"line":41,"column":4},"end":{"line":41,"column":5}},"loc":{"start":{"line":41,"column":18},"end":{"line":41,"column":88}},"line":41},"2":{"name":"con","decl":{"start":{"line":43,"column":9},"end":{"line":43,"column":12}},"loc":{"start":{"line":43,"column":53},"end":{"line":51,"column":1}},"line":43},"3":{"name":"(anonymous_3)","decl":{"start":{"line":47,"column":43},"end":{"line":47,"column":44}},"loc":{"start":{"line":47,"column":48},"end":{"line":47,"column":63}},"line":47},"4":{"name":"isType","decl":{"start":{"line":53,"column":9},"end":{"line":53,"column":15}},"loc":{"start":{"line":53,"column":26},"end":{"line":55,"column":1}},"line":53},"5":{"name":"(anonymous_5)","decl":{"start":{"line":54,"column":40},"end":{"line":54,"column":41}},"loc":{"start":{"line":54,"column":45},"end":{"line":54,"column":53}},"line":54},"6":{"name":"isStr","decl":{"start":{"line":57,"column":9},"end":{"line":57,"column":14}},"loc":{"start":{"line":57,"column":25},"end":{"line":59,"column":1}},"line":57},"7":{"name":"(anonymous_7)","decl":{"start":{"line":58,"column":65},"end":{"line":58,"column":66}},"loc":{"start":{"line":58,"column":70},"end":{"line":58,"column":87}},"line":58},"8":{"name":"isValue","decl":{"start":{"line":61,"column":9},"end":{"line":61,"column":16}},"loc":{"start":{"line":61,"column":27},"end":{"line":63,"column":1}},"line":61},"9":{"name":"isIn","decl":{"start":{"line":65,"column":9},"end":{"line":65,"column":13}},"loc":{"start":{"line":65,"column":60},"end":{"line":80,"column":1}},"line":65},"10":{"name":"isExpr","decl":{"start":{"line":83,"column":9},"end":{"line":83,"column":15}},"loc":{"start":{"line":83,"column":30},"end":{"line":89,"column":1}},"line":83},"11":{"name":"_if","decl":{"start":{"line":91,"column":9},"end":{"line":91,"column":12}},"loc":{"start":{"line":91,"column":41},"end":{"line":97,"column":1}},"line":91},"12":{"name":"assignCons","decl":{"start":{"line":99,"column":9},"end":{"line":99,"column":19}},"loc":{"start":{"line":99,"column":42},"end":{"line":102,"column":1}},"line":99},"13":{"name":"callBy","decl":{"start":{"line":104,"column":9},"end":{"line":104,"column":15}},"loc":{"start":{"line":104,"column":31},"end":{"line":114,"column":1}},"line":104},"14":{"name":"exception","decl":{"start":{"line":115,"column":16},"end":{"line":115,"column":25}},"loc":{"start":{"line":115,"column":33},"end":{"line":120,"column":1}},"line":115},"15":{"name":"assert","decl":{"start":{"line":122,"column":16},"end":{"line":122,"column":22}},"loc":{"start":{"line":122,"column":41},"end":{"line":124,"column":1}},"line":122},"16":{"name":"(anonymous_16)","decl":{"start":{"line":125,"column":19},"end":{"line":125,"column":20}},"loc":{"start":{"line":125,"column":29},"end":{"line":125,"column":47}},"line":125},"17":{"name":"createLog","decl":{"start":{"line":142,"column":9},"end":{"line":142,"column":18}},"loc":{"start":{"line":142,"column":32},"end":{"line":157,"column":1}},"line":142},"18":{"name":"print","decl":{"start":{"line":145,"column":10},"end":{"line":145,"column":15}},"loc":{"start":{"line":145,"column":22},"end":{"line":147,"column":2}},"line":145},"19":{"name":"log","decl":{"start":{"line":149,"column":10},"end":{"line":149,"column":13}},"loc":{"start":{"line":149,"column":16},"end":{"line":151,"column":2}},"line":149},"20":{"name":"getLogMethods","decl":{"start":{"line":159,"column":9},"end":{"line":159,"column":22}},"loc":{"start":{"line":159,"column":36},"end":{"line":168,"column":1}},"line":159},"21":{"name":"bindLog","decl":{"start":{"line":170,"column":9},"end":{"line":170,"column":16}},"loc":{"start":{"line":170,"column":22},"end":{"line":179,"column":1}},"line":170},"22":{"name":"setLogLevel","decl":{"start":{"line":181,"column":16},"end":{"line":181,"column":27}},"loc":{"start":{"line":181,"column":35},"end":{"line":192,"column":1}},"line":181},"23":{"name":"sliceArgs","decl":{"start":{"line":194,"column":9},"end":{"line":194,"column":18}},"loc":{"start":{"line":194,"column":33},"end":{"line":200,"column":1}},"line":194}},"branchMap":{"0":{"loc":{"start":{"line":4,"column":9},"end":{"line":4,"column":73}},"type":"binary-expr","locations":[{"start":{"line":4,"column":9},"end":{"line":4,"column":16}},{"start":{"line":4,"column":20},"end":{"line":4,"column":34}},{"start":{"line":4,"column":38},"end":{"line":4,"column":73}}],"line":4},"1":{"loc":{"start":{"line":41,"column":47},"end":{"line":41,"column":61}},"type":"cond-expr","locations":[{"start":{"line":41,"column":55},"end":{"line":41,"column":58}},{"start":{"line":41,"column":59},"end":{"line":41,"column":61}}],"line":41},"2":{"loc":{"start":{"line":43,"column":30},"end":{"line":43,"column":39}},"type":"default-arg","locations":[{"start":{"line":43,"column":38},"end":{"line":43,"column":39}}],"line":43},"3":{"loc":{"start":{"line":43,"column":41},"end":{"line":43,"column":51}},"type":"default-arg","locations":[{"start":{"line":43,"column":50},"end":{"line":43,"column":51}}],"line":43},"4":{"loc":{"start":{"line":46,"column":1},"end":{"line":50,"column":2}},"type":"if","locations":[{"start":{"line":46,"column":1},"end":{"line":50,"column":2}},{"start":{"line":46,"column":1},"end":{"line":50,"column":2}}],"line":46},"5":{"loc":{"start":{"line":66,"column":1},"end":{"line":66,"column":47}},"type":"if","locations":[{"start":{"line":66,"column":1},"end":{"line":66,"column":47}},{"start":{"line":66,"column":1},"end":{"line":66,"column":47}}],"line":66},"6":{"loc":{"start":{"line":68,"column":1},"end":{"line":73,"column":2}},"type":"if","locations":[{"start":{"line":68,"column":1},"end":{"line":73,"column":2}},{"start":{"line":68,"column":1},"end":{"line":73,"column":2}}],"line":68},"7":{"loc":{"start":{"line":74,"column":23},"end":{"line":79,"column":61}},"type":"cond-expr","locations":[{"start":{"line":74,"column":33},"end":{"line":79,"column":2}},{"start":{"line":79,"column":5},"end":{"line":79,"column":61}}],"line":74},"8":{"loc":{"start":{"line":79,"column":29},"end":{"line":79,"column":45}},"type":"cond-expr","locations":[{"start":{"line":79,"column":37},"end":{"line":79,"column":40}},{"start":{"line":79,"column":42},"end":{"line":79,"column":45}}],"line":79},"9":{"loc":{"start":{"line":84,"column":1},"end":{"line":85,"column":19}},"type":"if","locations":[{"start":{"line":84,"column":1},"end":{"line":85,"column":19}},{"start":{"line":84,"column":1},"end":{"line":85,"column":19}}],"line":84},"10":{"loc":{"start":{"line":86,"column":51},"end":{"line":86,"column":83}},"type":"cond-expr","locations":[{"start":{"line":86,"column":64},"end":{"line":86,"column":76}},{"start":{"line":86,"column":79},"end":{"line":86,"column":83}}],"line":86},"11":{"loc":{"start":{"line":92,"column":16},"end":{"line":92,"column":41}},"type":"binary-expr","locations":[{"start":{"line":92,"column":16},"end":{"line":92,"column":32}},{"start":{"line":92,"column":36},"end":{"line":92,"column":41}}],"line":92},"12":{"loc":{"start":{"line":94,"column":5},"end":{"line":94,"column":21}},"type":"cond-expr","locations":[{"start":{"line":94,"column":13},"end":{"line":94,"column":16}},{"start":{"line":94,"column":19},"end":{"line":94,"column":21}}],"line":94},"13":{"loc":{"start":{"line":105,"column":1},"end":{"line":113,"column":2}},"type":"switch","locations":[{"start":{"line":106,"column":2},"end":{"line":107,"column":9}},{"start":{"line":108,"column":2},"end":{"line":110,"column":9}},{"start":{"line":111,"column":2},"end":{"line":112,"column":20}}],"line":105},"14":{"loc":{"start":{"line":112,"column":3},"end":{"line":112,"column":20}},"type":"binary-expr","locations":[{"start":{"line":112,"column":3},"end":{"line":112,"column":12}},{"start":{"line":112,"column":16},"end":{"line":112,"column":20}}],"line":112},"15":{"loc":{"start":{"line":116,"column":1},"end":{"line":117,"column":17}},"type":"if","locations":[{"start":{"line":116,"column":1},"end":{"line":117,"column":17}},{"start":{"line":116,"column":1},"end":{"line":117,"column":17}}],"line":116},"16":{"loc":{"start":{"line":118,"column":1},"end":{"line":118,"column":40}},"type":"if","locations":[{"start":{"line":118,"column":1},"end":{"line":118,"column":40}},{"start":{"line":118,"column":1},"end":{"line":118,"column":40}}],"line":118},"17":{"loc":{"start":{"line":123,"column":1},"end":{"line":123,"column":33}},"type":"if","locations":[{"start":{"line":123,"column":1},"end":{"line":123,"column":33}},{"start":{"line":123,"column":1},"end":{"line":123,"column":33}}],"line":123},"18":{"loc":{"start":{"line":138,"column":0},"end":{"line":140,"column":1}},"type":"if","locations":[{"start":{"line":138,"column":0},"end":{"line":140,"column":1}},{"start":{"line":138,"column":0},"end":{"line":140,"column":1}}],"line":138},"19":{"loc":{"start":{"line":143,"column":1},"end":{"line":143,"column":48}},"type":"if","locations":[{"start":{"line":143,"column":1},"end":{"line":143,"column":48}},{"start":{"line":143,"column":1},"end":{"line":143,"column":48}}],"line":143},"20":{"loc":{"start":{"line":146,"column":2},"end":{"line":146,"column":66}},"type":"binary-expr","locations":[{"start":{"line":146,"column":2},"end":{"line":146,"column":13}},{"start":{"line":146,"column":17},"end":{"line":146,"column":66}}],"line":146},"21":{"loc":{"start":{"line":164,"column":3},"end":{"line":164,"column":51}},"type":"binary-expr","locations":[{"start":{"line":164,"column":3},"end":{"line":164,"column":12}},{"start":{"line":164,"column":16},"end":{"line":164,"column":51}}],"line":164},"22":{"loc":{"start":{"line":176,"column":16},"end":{"line":176,"column":62}},"type":"cond-expr","locations":[{"start":{"line":176,"column":39},"end":{"line":176,"column":44}},{"start":{"line":176,"column":47},"end":{"line":176,"column":62}}],"line":176},"23":{"loc":{"start":{"line":183,"column":1},"end":{"line":191,"column":2}},"type":"if","locations":[{"start":{"line":183,"column":1},"end":{"line":191,"column":2}},{"start":{"line":183,"column":1},"end":{"line":191,"column":2}}],"line":183}},"s":{"0":1,"1":1,"2":4,"3":1,"4":1,"5":1,"6":1,"7":1,"8":1,"9":1,"10":1,"11":1,"12":1,"13":1,"14":1,"15":1,"16":9,"17":9,"18":1,"19":1,"20":1,"21":1,"22":1,"23":1,"24":1,"25":1,"26":1,"27":1,"28":1,"29":1,"30":1,"31":1,"32":1,"33":1,"34":1,"35":1,"36":1,"37":2,"38":34,"39":34,"40":34,"41":31,"42":31,"43":31,"44":31,"45":2,"46":2,"47":52,"48":98,"49":9,"50":63,"51":49,"52":63,"53":63,"54":54,"55":54,"56":54,"57":100,"58":54,"59":63,"60":65,"61":63,"62":65,"63":65,"64":65,"65":300,"66":300,"67":5,"68":300,"69":0,"70":0,"71":0,"72":0,"73":0,"74":486,"75":5,"76":484,"77":4,"78":480,"79":10,"80":9,"81":1,"82":477,"83":1,"84":1,"85":1,"86":1,"87":1,"88":1,"89":1,"90":1,"91":1,"92":0,"93":4,"94":1,"95":0,"96":0,"97":4,"98":4,"99":4,"100":4,"101":4,"102":4,"103":4,"104":0,"105":4,"106":4,"107":0,"108":4,"109":0,"110":0,"111":0,"112":0,"113":0,"114":0,"115":0,"116":0,"117":477,"118":477,"119":477,"120":477,"121":477},"f":{"0":9,"1":2,"2":34,"3":31,"4":2,"5":2,"6":52,"7":98,"8":9,"9":63,"10":65,"11":300,"12":5,"13":0,"14":486,"15":10,"16":477,"17":4,"18":0,"19":0,"20":4,"21":4,"22":0,"23":477},"b":{"0":[4,3,2],"1":[1,1],"2":[30],"3":[31],"4":[31,3],"5":[49,14],"6":[54,9],"7":[14,49],"8":[24,25],"9":[63,2],"10":[0,65],"11":[300,5],"12":[60,240],"13":[0,0,0],"14":[0,0],"15":[5,481],"16":[4,480],"17":[9,1],"18":[0,1],"19":[1,3],"20":[0,0],"21":[0,0],"22":[0,0],"23":[0,0]},"_coverageSchema":"332fd63041d2c1bcb487cc26dd0d5f7d97098a6c","hash":"83f7928c3bc0341cb737cc9fc4d5c8d73c94f06f"}
}
