TN:
SF:C:\Users\cmp\git\devlevel\src\index.js
FN:22,(anonymous_0)
FN:41,(anonymous_1)
FN:43,con
FN:47,(anonymous_3)
FN:53,isType
FN:54,(anonymous_5)
FN:57,isStr
FN:58,(anonymous_7)
FN:61,isValue
FN:65,isIn
FN:83,isExpr
FN:91,_if
FN:99,assignCons
FN:104,callBy
FN:115,exception
FN:122,assert
FN:125,(anonymous_16)
FN:142,createLog
FN:145,print
FN:149,log
FN:159,getLogMethods
FN:170,bindLog
FN:181,setLogLevel
FN:194,sliceArgs
FNF:24
FNH:20
FNDA:9,(anonymous_0)
FNDA:2,(anonymous_1)
FNDA:34,con
FNDA:31,(anonymous_3)
FNDA:2,isType
FNDA:2,(anonymous_5)
FNDA:52,isStr
FNDA:98,(anonymous_7)
FNDA:9,isValue
FNDA:63,isIn
FNDA:65,isExpr
FNDA:300,_if
FNDA:5,assignCons
FNDA:0,callBy
FNDA:486,exception
FNDA:10,assert
FNDA:477,(anonymous_16)
FNDA:4,createLog
FNDA:0,print
FNDA:0,log
FNDA:4,getLogMethods
FNDA:4,bindLog
FNDA:0,setLogLevel
FNDA:477,sliceArgs
DA:1,1
DA:2,1
DA:4,4
DA:8,1
DA:9,1
DA:10,1
DA:11,1
DA:12,1
DA:13,1
DA:15,1
DA:16,1
DA:17,1
DA:18,1
DA:19,1
DA:20,1
DA:21,1
DA:22,9
DA:23,1
DA:24,1
DA:25,1
DA:26,1
DA:27,1
DA:28,1
DA:29,1
DA:30,1
DA:31,1
DA:32,1
DA:33,1
DA:34,1
DA:35,1
DA:36,1
DA:37,1
DA:38,1
DA:39,1
DA:40,1
DA:41,2
DA:44,34
DA:45,34
DA:46,34
DA:47,31
DA:48,31
DA:49,31
DA:54,2
DA:58,98
DA:62,9
DA:66,63
DA:67,63
DA:68,63
DA:69,54
DA:70,54
DA:71,100
DA:72,54
DA:74,63
DA:84,65
DA:85,63
DA:86,65
DA:87,65
DA:88,65
DA:92,300
DA:93,300
DA:100,5
DA:101,300
DA:105,0
DA:107,0
DA:109,0
DA:110,0
DA:112,0
DA:116,486
DA:117,5
DA:118,484
DA:119,480
DA:123,10
DA:125,477
DA:126,1
DA:129,1
DA:130,1
DA:131,1
DA:133,1
DA:134,1
DA:135,1
DA:136,1
DA:138,1
DA:143,4
DA:146,0
DA:150,0
DA:152,4
DA:153,4
DA:154,4
DA:155,4
DA:156,4
DA:160,4
DA:161,4
DA:164,0
DA:174,4
DA:175,4
DA:176,0
DA:178,4
DA:182,0
DA:183,0
DA:184,0
DA:185,0
DA:186,0
DA:187,0
DA:188,0
DA:190,0
DA:195,477
DA:196,477
DA:197,477
DA:198,477
DA:199,477
LF:110
LH:93
BRDA:4,0,0,4
BRDA:4,0,1,3
BRDA:4,0,2,2
BRDA:41,1,0,1
BRDA:41,1,1,1
BRDA:43,2,0,30
BRDA:43,3,0,31
BRDA:46,4,0,31
BRDA:46,4,1,3
BRDA:66,5,0,49
BRDA:66,5,1,14
BRDA:68,6,0,54
BRDA:68,6,1,9
BRDA:74,7,0,14
BRDA:74,7,1,49
BRDA:79,8,0,24
BRDA:79,8,1,25
BRDA:84,9,0,63
BRDA:84,9,1,2
BRDA:86,10,0,0
BRDA:86,10,1,65
BRDA:92,11,0,300
BRDA:92,11,1,5
BRDA:94,12,0,60
BRDA:94,12,1,240
BRDA:105,13,0,0
BRDA:105,13,1,0
BRDA:105,13,2,0
BRDA:112,14,0,0
BRDA:112,14,1,0
BRDA:116,15,0,5
BRDA:116,15,1,481
BRDA:118,16,0,4
BRDA:118,16,1,480
BRDA:123,17,0,9
BRDA:123,17,1,1
BRDA:138,18,0,0
BRDA:138,18,1,1
BRDA:143,19,0,1
BRDA:143,19,1,3
BRDA:146,20,0,0
BRDA:146,20,1,0
BRDA:164,21,0,0
BRDA:164,21,1,0
BRDA:176,22,0,0
BRDA:176,22,1,0
BRDA:183,23,0,0
BRDA:183,23,1,0
BRF:48
BRH:33
end_of_record
